mode: count
download/alink/alink.go:21.85,24.15 2 1
download/alink/alink.go:27.2,27.20 1 1
download/alink/alink.go:24.15,26.3 1 1
download/alink/alink.go:32.62,35.2 2 1
download/alink/alink.go:39.51,42.2 2 4
download/alink/alink.go:47.32,49.16 2 7
download/alink/alink.go:52.2,53.50 2 4
download/alink/alink.go:57.2,57.13 1 2
download/alink/alink.go:49.16,51.3 1 3
download/alink/alink.go:53.50,55.3 1 2
download/alink/alink.go:61.40,63.2 1 18
download/alink/alink.go:66.40,68.2 1 8
download/alink/alink.go:71.40,73.2 1 25
download/alink/alink.go:76.38,78.2 1 42
download/alink/alink.go:81.48,82.23 1 18
download/alink/alink.go:85.2,85.53 1 15
download/alink/alink.go:91.2,91.18 1 3
download/alink/alink.go:82.23,84.3 1 3
download/alink/alink.go:85.53,87.9 2 15
download/alink/alink.go:87.9,89.4 1 12
download/alink/alink.go:95.50,96.26 1 8
download/alink/alink.go:104.2,104.56 1 7
download/alink/alink.go:110.2,110.18 1 4
download/alink/alink.go:96.26,97.34 1 1
download/alink/alink.go:102.3,102.18 1 0
download/alink/alink.go:97.34,98.25 1 1
download/alink/alink.go:98.25,100.5 1 1
download/alink/alink.go:104.56,106.9 2 7
download/alink/alink.go:106.9,108.4 1 3
download/alink/alink.go:115.81,118.16 3 1
download/alink/alink.go:121.2,122.10 2 1
download/alink/alink.go:125.2,125.17 1 1
download/alink/alink.go:118.16,120.3 1 0
download/alink/alink.go:122.10,124.3 1 1
download/alink/alink.go:129.63,132.16 3 2
download/alink/alink.go:136.2,138.19 2 2
download/alink/alink.go:132.16,134.3 1 0
download/alink/alink.go:142.62,147.16 4 1
download/alink/alink.go:151.2,153.19 2 1
download/alink/alink.go:147.16,149.3 1 0
download/alink/alink.go:157.79,160.15 3 2
download/alink/alink.go:163.2,164.15 2 2
download/alink/alink.go:160.15,162.3 1 0
download/alink/alink.go:169.65,174.15 4 1
download/alink/alink.go:177.2,178.15 2 1
download/alink/alink.go:174.15,176.3 1 0
download/alink/alink.go:183.69,185.23 2 42
download/alink/alink.go:196.2,196.49 1 39
download/alink/alink.go:204.2,204.17 1 39
download/alink/alink.go:185.23,186.30 1 3
download/alink/alink.go:193.3,193.18 1 3
download/alink/alink.go:186.30,187.22 1 3
download/alink/alink.go:187.22,188.34 1 2
download/alink/alink.go:188.34,190.6 1 2
download/alink/alink.go:196.49,198.8 2 39
download/alink/alink.go:198.8,201.4 2 11
download/alink/alink.go:209.78,212.16 3 1
download/alink/alink.go:215.2,216.16 2 1
download/alink/alink.go:212.16,214.3 1 0
download/alink/alink.go:220.64,224.16 4 2
download/alink/alink.go:227.2,228.16 2 2
download/alink/alink.go:224.16,226.3 1 0
download/alink/alink.go:233.66,235.26 2 25
download/alink/alink.go:249.2,249.56 1 20
download/alink/alink.go:254.2,254.13 1 20
download/alink/alink.go:235.26,236.31 1 5
download/alink/alink.go:236.31,237.23 1 6
download/alink/alink.go:237.23,239.29 2 5
download/alink/alink.go:245.5,245.19 1 5
download/alink/alink.go:239.29,243.6 1 5
download/alink/alink.go:249.56,253.3 3 22
download/alink/alink.go:258.32,259.30 1 5
download/alink/alink.go:269.2,269.10 1 4
download/alink/alink.go:259.30,261.25 2 1
download/alink/alink.go:267.3,267.19 1 1
download/alink/alink.go:261.25,262.39 1 1
download/alink/alink.go:262.39,264.10 2 1
download/alink/alink.go:273.41,275.26 2 7
download/alink/alink.go:281.2,281.14 1 7
download/alink/alink.go:275.26,276.15 1 3
download/alink/alink.go:276.15,278.9 2 0
